<?xml version="1.0" encoding="UTF-8"?>
<!-- Generated by org.testng.reporters.JUnitReportReporter -->
<testsuite hostname="DESKTOP-I86B4EQ" failures="0" tests="1" name="organisation.CreateOrganisation" time="27.764" errors="0" timestamp="2023-01-09T11:16:59 IST" skipped="0">
  <testcase classname="organisation.CreateOrganisation" name="CreateOrganisation" time="27.764"/>
  <system-out/>
</testsuite> <!-- organisation.CreateOrganisation -->
