<?xml version="1.0" encoding="UTF-8"?>
<!-- Generated by org.testng.reporters.JUnitReportReporter -->
<testsuite hostname="DESKTOP-I86B4EQ" failures="0" tests="1" name="campaign.CreateCampaign" time="29.902" errors="0" timestamp="2023-01-09T11:16:59 IST" skipped="0">
  <testcase classname="campaign.CreateCampaign" name="CreateCampaign" time="29.902"/>
  <system-out/>
</testsuite> <!-- campaign.CreateCampaign -->
