<?xml version="1.0" encoding="UTF-8"?>
<!-- Generated by org.testng.reporters.JUnitReportReporter -->
<testsuite hostname="DESKTOP-I86B4EQ" failures="0" tests="1" name="campaign.CampaignProduct" time="77.344" errors="0" timestamp="2023-01-09T11:16:59 IST" skipped="0">
  <testcase classname="campaign.CampaignProduct" name="CampaignProduct" time="77.344"/>
  <system-out/>
</testsuite> <!-- campaign.CampaignProduct -->
