<?xml version="1.0" encoding="UTF-8"?>
<!-- Generated by org.testng.reporters.JUnitReportReporter -->
<testsuite hostname="DESKTOP-I86B4EQ" failures="0" tests="5" name="practice.DataProviderTest" time="0.028" errors="0" timestamp="2023-01-09T10:49:08 IST" skipped="0">
  <testcase classname="practice.DataProviderTest" name="bookTicket" time="0.023"/>
  <system-out/>
  <testcase classname="practice.DataProviderTest" name="bookTicket" time="0.001"/>
  <system-out/>
  <testcase classname="practice.DataProviderTest" name="bookTicket" time="0.001"/>
  <system-out/>
  <testcase classname="practice.DataProviderTest" name="bookTicket" time="0.002"/>
  <system-out/>
  <testcase classname="practice.DataProviderTest" name="bookTicket" time="0.001"/>
  <system-out/>
</testsuite> <!-- practice.DataProviderTest -->
