<?xml version="1.0" encoding="UTF-8"?>
<!-- Generated by org.testng.reporters.JUnitReportReporter -->
<testsuite hostname="DESKTOP-I86B4EQ" failures="0" tests="3" name="practice.DataProvider" time="149.629" errors="0" timestamp="2023-01-09T10:49:08 IST" skipped="0">
  <testcase classname="practice.DataProvider" name="companyDetails" time="100.311"/>
  <system-out/>
  <testcase classname="practice.DataProvider" name="companyDetails" time="23.883"/>
  <system-out/>
  <testcase classname="practice.DataProvider" name="companyDetails" time="25.435"/>
  <system-out/>
</testsuite> <!-- practice.DataProvider -->
